<?xml version="1.0" encoding="UTF-8"?>
<robot generator="Robot 7.3.2 (Python 3.9.6 on darwin)" generated="2025-09-17T15:21:21.321282" rpa="false" schemaversion="5">
<suite id="s1" name="Signup" source="/Users/mario/Documents/GitHub/Compass/QAx/apps/mark85/tests/signup.robot">
<test id="s1-t1" name="Deve poder cadastrar um novo usuário" line="6">
<kw name="New Browser" owner="Browser">
<msg time="2025-09-17T15:21:21.402431" level="INFO">{"browser": "chromium", "headless": false, "chromiumSandbox": false, "devtools": false, "handleSIGHUP": true, "handleSIGINT": true, "handleSIGTERM": true, "slowMo": 0.0, "timeout": 30000.0, "tracesDir": "/Users/mario/Documents/GitHub/Compass/QAx/apps/mark85/tests/reports/browser/traces/temp/b885863b-38c6-4a38-ae1d-39def40a296a"}</msg>
<msg time="2025-09-17T15:21:21.414720" level="INFO">Starting Browser process /Users/mario/Library/Python/3.9/lib/python/site-packages/Browser/wrapper/index.js using at 127.0.0.1:54685</msg>
<msg time="2025-09-17T15:21:23.386201" level="INFO">Successfully created browser with options: {"browser":"chromium","headless":false,"chromiumSandbox":false,"devtools":false,"handleSIGHUP":true,"handleSIGINT":true,"handleSIGTERM":true,"slowMo":0,"timeout":30000,"tracesDir":"/Users/mario/Documents/GitHub/Compass/QAx/apps/mark85/tests/reports/browser/traces/temp/b885863b-38c6-4a38-ae1d-39def40a296a"}</msg>
<arg>browser=chromium</arg>
<arg>headless=False</arg>
<tag>BrowserControl</tag>
<tag>Setter</tag>
<doc>Create a new playwright Browser with specified options.</doc>
<status status="PASS" start="2025-09-17T15:21:21.402144" elapsed="1.984176"/>
</kw>
<kw name="New Page" owner="Browser">
<msg time="2025-09-17T15:21:24.113513" level="INFO">Successfully initialized new page object and opened url: http://localhost:3000/signup</msg>
<msg time="2025-09-17T15:21:24.113773" level="INFO">No context was open. New context was automatically opened when this page is created.</msg>
<arg>http://localhost:3000/signup</arg>
<tag>BrowserControl</tag>
<tag>Setter</tag>
<doc>Open a new Page.</doc>
<status status="PASS" start="2025-09-17T15:21:23.386500" elapsed="0.727542"/>
</kw>
<kw name="Wait For Elements State" owner="Browser">
<msg time="2025-09-17T15:21:24.153590" level="INFO">Waited for Element with selector xpath=//h1 at state visible</msg>
<arg>xpath=//h1</arg>
<arg>visible</arg>
<arg>timeout=5s</arg>
<tag>PageContent</tag>
<tag>Wait</tag>
<doc>Waits for the element found by ``selector`` to satisfy state option.</doc>
<status status="PASS" start="2025-09-17T15:21:24.114530" elapsed="0.039400"/>
</kw>
<kw name="Get Text" owner="Browser">
<msg time="2025-09-17T15:21:24.166855" level="INFO">Text: 'Faça seu cadastro'</msg>
<arg>xpath=//h1</arg>
<arg>==</arg>
<arg>Faça seu cadastro</arg>
<tag>Assertion</tag>
<tag>Getter</tag>
<tag>PageContent</tag>
<doc>Returns text attribute of the element found by ``selector``.</doc>
<status status="PASS" start="2025-09-17T15:21:24.154236" elapsed="0.012705"/>
</kw>
<kw name="Sleep" owner="BuiltIn">
<msg time="2025-09-17T15:21:34.168078" level="INFO">Slept 10 seconds.</msg>
<arg>10s</arg>
<doc>Pauses the test executed for the given time.</doc>
<status status="PASS" start="2025-09-17T15:21:24.167117" elapsed="10.001407"/>
</kw>
<msg time="2025-09-17T15:21:34.188955" level="INFO">Switching context to context=0f397133-0ba1-462e-8519-e36205fc2959 in CURRENT</msg>
<msg time="2025-09-17T15:21:34.201594" level="INFO">Successfully changed active context: context=0f397133-0ba1-462e-8519-e36205fc2959</msg>
<msg time="2025-09-17T15:21:34.230402" level="INFO">Successfully closed Context</msg>
<doc>Este teste verifica a página de cadastro antes de preencher o formulário.</doc>
<status status="PASS" start="2025-09-17T15:21:21.401634" elapsed="12.767743"/>
</test>
<doc>Cenários de testes do cadastro de usuários.</doc>
<status status="PASS" start="2025-09-17T15:21:21.321843" elapsed="12.908958"/>
</suite>
<statistics>
<total>
<stat pass="1" fail="0" skip="0">All Tests</stat>
</total>
<tag>
</tag>
<suite>
<stat name="Signup" id="s1" pass="1" fail="0" skip="0">Signup</stat>
</suite>
</statistics>
<errors>
</errors>
</robot>
