<?xml version="1.0" encoding="UTF-8"?>
<robot generator="Robot 7.3.2 (Python 3.9.6 on darwin)" generated="2025-09-18T21:30:25.846127" rpa="false" schemaversion="5">
<suite id="s1" name="Login" source="/Users/mario/Documents/GitHub/Compass/QAx/projects/mark85-robot-express/tests/login.robot">
<test id="s1-t1" name="Deve poder logar com um usuário pré-cadastrado" line="11">
<kw name="Start Session" owner="base" type="SETUP">
<kw name="New Browser" owner="Browser">
<msg time="2025-09-18T21:30:26.259416" level="INFO">{"browser": "chromium", "headless": false, "chromiumSandbox": false, "devtools": false, "handleSIGHUP": true, "handleSIGINT": true, "handleSIGTERM": true, "slowMo": 0.0, "timeout": 30000.0, "tracesDir": "/Users/mario/Documents/GitHub/Compass/QAx/projects/mark85-robot-express/tests/reports/browser/traces/temp/89f49395-0e7d-438a-a570-22cc936a65d2"}</msg>
<msg time="2025-09-18T21:30:26.273263" level="INFO">Starting Browser process /Users/mario/Library/Python/3.9/lib/python/site-packages/Browser/wrapper/index.js using at 127.0.0.1:64519</msg>
<msg time="2025-09-18T21:30:28.337151" level="INFO">Successfully created browser with options: {"browser":"chromium","headless":false,"chromiumSandbox":false,"devtools":false,"handleSIGHUP":true,"handleSIGINT":true,"handleSIGTERM":true,"slowMo":0,"timeout":30000,"tracesDir":"/Users/mario/Documents/GitHub/Compass/QAx/projects/mark85-robot-express/tests/reports/browser/traces/temp/89f49395-0e7d-438a-a570-22cc936a65d2"}</msg>
<arg>browser=chromium</arg>
<arg>headless=False</arg>
<tag>BrowserControl</tag>
<tag>Setter</tag>
<doc>Create a new playwright Browser with specified options.</doc>
<status status="PASS" start="2025-09-18T21:30:26.259154" elapsed="2.078281"/>
</kw>
<kw name="New Page" owner="Browser">
<msg time="2025-09-18T21:30:29.096761" level="INFO">Successfully initialized new page object and opened url: http://localhost:3000</msg>
<msg time="2025-09-18T21:30:29.097059" level="INFO">No context was open. New context was automatically opened when this page is created.</msg>
<arg>${BASE_URL}</arg>
<tag>BrowserControl</tag>
<tag>Setter</tag>
<doc>Open a new Page.</doc>
<status status="PASS" start="2025-09-18T21:30:28.337836" elapsed="0.759571"/>
</kw>
<status status="PASS" start="2025-09-18T21:30:26.258753" elapsed="2.838997"/>
</kw>
<kw name="Set Variable" owner="BuiltIn">
<msg time="2025-09-18T21:30:29.098760" level="INFO">${name} = mario g</msg>
<var>${name}</var>
<arg>mario g</arg>
<doc>Returns the given values which can then be assigned to a variables.</doc>
<status status="PASS" start="2025-09-18T21:30:29.098220" elapsed="0.000632"/>
</kw>
<kw name="Set Variable" owner="BuiltIn">
<msg time="2025-09-18T21:30:29.099819" level="INFO">${email} = marioqa@gmail.com</msg>
<var>${email}</var>
<arg>marioqa@gmail.com</arg>
<doc>Returns the given values which can then be assigned to a variables.</doc>
<status status="PASS" start="2025-09-18T21:30:29.099378" elapsed="0.000487"/>
</kw>
<kw name="Set Variable" owner="BuiltIn">
<msg time="2025-09-18T21:30:29.100279" level="INFO">${password} = abcdef</msg>
<var>${password}</var>
<arg>abcdef</arg>
<doc>Returns the given values which can then be assigned to a variables.</doc>
<status status="PASS" start="2025-09-18T21:30:29.100074" elapsed="0.000231"/>
</kw>
<kw name="Remove user from database" owner="database">
<msg time="2025-09-18T21:30:29.311315" level="INFO">removing user by marioqa@gmail.com</msg>
<arg>${email}</arg>
<status status="PASS" start="2025-09-18T21:30:29.100548" elapsed="0.210888"/>
</kw>
<kw name="Insert user from database" owner="database">
<msg time="2025-09-18T21:30:29.362973" level="INFO">{'name': 'mario g', 'email': 'marioqa@gmail.com', 'password': b'$2b$08$zHestTFSojnPKmuWj/CLDuq8At5BPRYZNCQ7X1SDZDLyeGcPmLTiC', '_id': ObjectId('68cca425fe9c028a10fca2e3')}</msg>
<arg>${name}</arg>
<arg>${email}</arg>
<arg>${password}</arg>
<status status="PASS" start="2025-09-18T21:30:29.311763" elapsed="0.051337"/>
</kw>
<kw name="Submit login form" owner="LoginPage">
<kw name="Fill Text" owner="Browser">
<msg time="2025-09-18T21:30:29.364615" level="INFO">Fills the text 'marioqa@gmail.com' in the given field.</msg>
<arg>css=input[placeholder$=mail]</arg>
<arg>${email}</arg>
<tag>PageContent</tag>
<tag>Setter</tag>
<doc>Clears and fills the given ``txt`` into the text field found by ``selector``.</doc>
<status status="PASS" start="2025-09-18T21:30:29.364107" elapsed="0.030733"/>
</kw>
<kw name="Fill Text" owner="Browser">
<msg time="2025-09-18T21:30:29.395384" level="INFO">Fills the text 'abcdef' in the given field.</msg>
<arg>css=input[placeholder=Senha]</arg>
<arg>${password}</arg>
<tag>PageContent</tag>
<tag>Setter</tag>
<doc>Clears and fills the given ``txt`` into the text field found by ``selector``.</doc>
<status status="PASS" start="2025-09-18T21:30:29.395009" elapsed="0.028121"/>
</kw>
<kw name="Click" owner="Browser">
<msg time="2025-09-18T21:30:29.423594" level="INFO">Clicks the element 'css=button &gt;&gt; text=Entrar'.</msg>
<arg>css=button &gt;&gt; text=Entrar</arg>
<tag>PageContent</tag>
<tag>Setter</tag>
<doc>Simulates mouse click on the element found by ``selector``.</doc>
<status status="PASS" start="2025-09-18T21:30:29.423295" elapsed="0.043739"/>
</kw>
<arg>${email}</arg>
<arg>${password}</arg>
<status status="PASS" start="2025-09-18T21:30:29.363528" elapsed="0.103694"/>
</kw>
<kw name="User should be logged in" owner="Header">
<kw name="Set Variable" owner="BuiltIn">
<msg time="2025-09-18T21:30:29.467945" level="INFO">${welcome_element} = css=header .right small</msg>
<var>${welcome_element}</var>
<arg>css=header .right small</arg>
<doc>Returns the given values which can then be assigned to a variables.</doc>
<status status="PASS" start="2025-09-18T21:30:29.467804" elapsed="0.000165"/>
</kw>
<kw name="Split String" owner="String">
<msg time="2025-09-18T21:30:29.468259" level="INFO">${split_name} = ['mario', 'g']</msg>
<var>${split_name}</var>
<arg>${full_name}</arg>
<doc>Splits the ``string`` using ``separator`` as a delimiter string.</doc>
<status status="PASS" start="2025-09-18T21:30:29.468107" elapsed="0.000170"/>
</kw>
<kw name="Set Variable" owner="BuiltIn">
<msg time="2025-09-18T21:30:29.468597" level="INFO">${first_name} = mario</msg>
<var>${first_name}</var>
<arg>${split_name}[0]</arg>
<doc>Returns the given values which can then be assigned to a variables.</doc>
<status status="PASS" start="2025-09-18T21:30:29.468349" elapsed="0.000301"/>
</kw>
<kw name="Set Variable" owner="BuiltIn">
<msg time="2025-09-18T21:30:29.468952" level="INFO">${expected_message} = Olá, mario</msg>
<var>${expected_message}</var>
<arg>Olá, ${first_name}</arg>
<doc>Returns the given values which can then be assigned to a variables.</doc>
<status status="PASS" start="2025-09-18T21:30:29.468776" elapsed="0.000194"/>
</kw>
<kw name="Wait For Elements State" owner="Browser">
<msg time="2025-09-18T21:30:29.571295" level="INFO">Waited for Element with selector css=header .right small at state visible</msg>
<arg>${welcome_element}</arg>
<arg>visible</arg>
<arg>timeout=5s</arg>
<tag>PageContent</tag>
<tag>Wait</tag>
<doc>Waits for the element found by ``selector`` to satisfy state option.</doc>
<status status="PASS" start="2025-09-18T21:30:29.469068" elapsed="0.102353"/>
</kw>
<kw name="Get Text" owner="Browser">
<msg time="2025-09-18T21:30:29.580666" level="INFO">Text: 'Olá, mario'</msg>
<arg>${welcome_element}</arg>
<arg>==</arg>
<arg>${expected_message}</arg>
<tag>Assertion</tag>
<tag>Getter</tag>
<tag>PageContent</tag>
<doc>Returns text attribute of the element found by ``selector``.</doc>
<status status="PASS" start="2025-09-18T21:30:29.571573" elapsed="0.009174"/>
</kw>
<arg>${name}</arg>
<status status="PASS" start="2025-09-18T21:30:29.467458" elapsed="0.113363"/>
</kw>
<kw name="Take Screenshot" owner="Browser" type="TEARDOWN">
<msg time="2025-09-18T21:30:29.695442" level="INFO" html="true">&lt;/td&gt;&lt;/tr&gt;&lt;tr&gt;&lt;td colspan="3"&gt;&lt;a href="browser/screenshot/robotframework-browser-screenshot-1.png" target="_blank"&gt;&lt;img src="browser/screenshot/robotframework-browser-screenshot-1.png" width="800px"/&gt;&lt;/a&gt;</msg>
<tag>PageContent</tag>
<doc>Takes a screenshot of the current window or element and saves it to disk.</doc>
<status status="PASS" start="2025-09-18T21:30:29.581022" elapsed="0.114524"/>
</kw>
<msg time="2025-09-18T21:30:29.700012" level="INFO">Switching context to context=fcbd3ff4-0153-40a7-90ec-b37c55488b15 in CURRENT</msg>
<msg time="2025-09-18T21:30:29.703801" level="INFO">Successfully changed active context: context=fcbd3ff4-0153-40a7-90ec-b37c55488b15</msg>
<msg time="2025-09-18T21:30:29.731359" level="INFO">Successfully closed Context</msg>
<status status="PASS" start="2025-09-18T21:30:26.258387" elapsed="3.437254"/>
</test>
<test id="s1-t2" name="Não deve logar com senha inválida" line="28">
<kw name="Start Session" owner="base" type="SETUP">
<kw name="New Browser" owner="Browser">
<msg time="2025-09-18T21:30:29.733394" level="INFO">Switching browser to browser=0341abf0-2c6a-4541-8a99-447face13752</msg>
<msg time="2025-09-18T21:30:29.734560" level="INFO">Successfully changed active browser: browser=0341abf0-2c6a-4541-8a99-447face13752</msg>
<msg time="2025-09-18T21:30:29.734611" level="INFO">Reusing existing browser with id: browser=0341abf0-2c6a-4541-8a99-447face13752</msg>
<arg>browser=chromium</arg>
<arg>headless=False</arg>
<tag>BrowserControl</tag>
<tag>Setter</tag>
<doc>Create a new playwright Browser with specified options.</doc>
<status status="PASS" start="2025-09-18T21:30:29.733090" elapsed="0.001559"/>
</kw>
<kw name="New Page" owner="Browser">
<msg time="2025-09-18T21:30:30.550603" level="INFO">Successfully initialized new page object and opened url: http://localhost:3000</msg>
<msg time="2025-09-18T21:30:30.550836" level="INFO">No context was open. New context was automatically opened when this page is created.</msg>
<arg>${BASE_URL}</arg>
<tag>BrowserControl</tag>
<tag>Setter</tag>
<doc>Open a new Page.</doc>
<status status="PASS" start="2025-09-18T21:30:29.734761" elapsed="0.816338"/>
</kw>
<status status="PASS" start="2025-09-18T21:30:29.732845" elapsed="0.818540"/>
</kw>
<kw name="Set Variable" owner="BuiltIn">
<msg time="2025-09-18T21:30:30.552868" level="INFO">${name} = Steve Woz</msg>
<var>${name}</var>
<arg>Steve Woz</arg>
<doc>Returns the given values which can then be assigned to a variables.</doc>
<status status="PASS" start="2025-09-18T21:30:30.551984" elapsed="0.000953"/>
</kw>
<kw name="Set Variable" owner="BuiltIn">
<msg time="2025-09-18T21:30:30.553803" level="INFO">${email} = woz@apple.com</msg>
<var>${email}</var>
<arg>woz@apple.com</arg>
<doc>Returns the given values which can then be assigned to a variables.</doc>
<status status="PASS" start="2025-09-18T21:30:30.553343" elapsed="0.000517"/>
</kw>
<kw name="Set Variable" owner="BuiltIn">
<msg time="2025-09-18T21:30:30.554627" level="INFO">${correct_password} = 123456</msg>
<var>${correct_password}</var>
<arg>123456</arg>
<doc>Returns the given values which can then be assigned to a variables.</doc>
<status status="PASS" start="2025-09-18T21:30:30.554207" elapsed="0.000470"/>
</kw>
<kw name="Set Variable" owner="BuiltIn">
<msg time="2025-09-18T21:30:30.555799" level="INFO">${invalid_password} = abc123</msg>
<var>${invalid_password}</var>
<arg>abc123</arg>
<doc>Returns the given values which can then be assigned to a variables.</doc>
<status status="PASS" start="2025-09-18T21:30:30.555282" elapsed="0.000577"/>
</kw>
<kw name="Remove user from database" owner="database">
<msg time="2025-09-18T21:30:30.584328" level="INFO">removing user by woz@apple.com</msg>
<arg>${email}</arg>
<status status="PASS" start="2025-09-18T21:30:30.556181" elapsed="0.028358"/>
</kw>
<kw name="Insert user from database" owner="database">
<msg time="2025-09-18T21:30:30.633240" level="INFO">{'name': 'Steve Woz', 'email': 'woz@apple.com', 'password': b'$2b$08$F7h121t279aTCv.lx0AqDOoBYd0K/allzb0oOQ3JDHZl2pvmhewd6', '_id': ObjectId('68cca426fe9c028a10fca2e4')}</msg>
<arg>${name}</arg>
<arg>${email}</arg>
<arg>${correct_password}</arg>
<status status="PASS" start="2025-09-18T21:30:30.585151" elapsed="0.048238"/>
</kw>
<kw name="Submit login form" owner="LoginPage">
<kw name="Fill Text" owner="Browser">
<msg time="2025-09-18T21:30:30.635658" level="INFO">Fills the text 'woz@apple.com' in the given field.</msg>
<arg>css=input[placeholder$=mail]</arg>
<arg>${email}</arg>
<tag>PageContent</tag>
<tag>Setter</tag>
<doc>Clears and fills the given ``txt`` into the text field found by ``selector``.</doc>
<status status="PASS" start="2025-09-18T21:30:30.634949" elapsed="0.022957"/>
</kw>
<kw name="Fill Text" owner="Browser">
<msg time="2025-09-18T21:30:30.658561" level="INFO">Fills the text 'abc123' in the given field.</msg>
<arg>css=input[placeholder=Senha]</arg>
<arg>${password}</arg>
<tag>PageContent</tag>
<tag>Setter</tag>
<doc>Clears and fills the given ``txt`` into the text field found by ``selector``.</doc>
<status status="PASS" start="2025-09-18T21:30:30.658117" elapsed="0.030127"/>
</kw>
<kw name="Click" owner="Browser">
<msg time="2025-09-18T21:30:30.688831" level="INFO">Clicks the element 'css=button &gt;&gt; text=Entrar'.</msg>
<arg>css=button &gt;&gt; text=Entrar</arg>
<tag>PageContent</tag>
<tag>Setter</tag>
<doc>Simulates mouse click on the element found by ``selector``.</doc>
<status status="PASS" start="2025-09-18T21:30:30.688479" elapsed="0.042355"/>
</kw>
<arg>${email}</arg>
<arg>${invalid_password}</arg>
<status status="PASS" start="2025-09-18T21:30:30.634176" elapsed="0.096771"/>
</kw>
<kw name="Notice should be" owner="Notice">
<kw name="Set Variable" owner="BuiltIn">
<msg time="2025-09-18T21:30:30.731577" level="INFO">${element} = css=.notice p</msg>
<var>${element}</var>
<arg>css=.notice p</arg>
<doc>Returns the given values which can then be assigned to a variables.</doc>
<status status="PASS" start="2025-09-18T21:30:30.731465" elapsed="0.000129"/>
</kw>
<kw name="Wait For Elements State" owner="Browser">
<msg time="2025-09-18T21:30:30.808812" level="INFO">Waited for Element with selector css=.notice p at state visible</msg>
<arg>${element}</arg>
<arg>visible</arg>
<arg>5</arg>
<tag>PageContent</tag>
<tag>Wait</tag>
<doc>Waits for the element found by ``selector`` to satisfy state option.</doc>
<status status="PASS" start="2025-09-18T21:30:30.731660" elapsed="0.077281"/>
</kw>
<kw name="Get Text" owner="Browser">
<msg time="2025-09-18T21:30:30.817176" level="INFO">Text: 'Ocorreu um erro ao fazer login, verifique suas credenciais.'</msg>
<arg>${element}</arg>
<arg>equal</arg>
<arg>${expected_text}</arg>
<tag>Assertion</tag>
<tag>Getter</tag>
<tag>PageContent</tag>
<doc>Returns text attribute of the element found by ``selector``.</doc>
<status status="PASS" start="2025-09-18T21:30:30.809102" elapsed="0.008178"/>
</kw>
<arg>Ocorreu um erro ao fazer login, verifique suas credenciais.</arg>
<status status="PASS" start="2025-09-18T21:30:30.731175" elapsed="0.086211"/>
</kw>
<kw name="Take Screenshot" owner="Browser" type="TEARDOWN">
<msg time="2025-09-18T21:30:30.922908" level="INFO" html="true">&lt;/td&gt;&lt;/tr&gt;&lt;tr&gt;&lt;td colspan="3"&gt;&lt;a href="browser/screenshot/robotframework-browser-screenshot-2.png" target="_blank"&gt;&lt;img src="browser/screenshot/robotframework-browser-screenshot-2.png" width="800px"/&gt;&lt;/a&gt;</msg>
<tag>PageContent</tag>
<doc>Takes a screenshot of the current window or element and saves it to disk.</doc>
<status status="PASS" start="2025-09-18T21:30:30.817680" elapsed="0.105309"/>
</kw>
<msg time="2025-09-18T21:30:30.926793" level="INFO">Switching context to context=45018965-5515-44b7-b784-ba6fd843cf6d in CURRENT</msg>
<msg time="2025-09-18T21:30:30.930126" level="INFO">Successfully changed active context: context=45018965-5515-44b7-b784-ba6fd843cf6d</msg>
<msg time="2025-09-18T21:30:30.959806" level="INFO">Successfully closed Context</msg>
<status status="PASS" start="2025-09-18T21:30:29.731687" elapsed="1.191430"/>
</test>
<doc>Cenários de autenticação do usuário</doc>
<status status="PASS" start="2025-09-18T21:30:25.846661" elapsed="5.113540"/>
</suite>
<statistics>
<total>
<stat pass="2" fail="0" skip="0">All Tests</stat>
</total>
<tag>
</tag>
<suite>
<stat name="Login" id="s1" pass="2" fail="0" skip="0">Login</stat>
</suite>
</statistics>
<errors>
</errors>
</robot>
